<?xml version="1.0" encoding="utf-8"?><testsuites name="pytest tests"><testsuite name="pytest" errors="0" failures="0" skipped="0" tests="41" time="14.246" timestamp="2026-07-14T21:16:08.682428+00:00" hostname="agent-env-f022bb58-4fae-4146-8e39-e8eda89434d7"><testcase classname="backend.tests.backend_test.TestAuthStatusAndSetup" name="test_auth_status_public_and_true_after_setup" time="0.796" /><testcase classname="backend.tests.backend_test.TestAuthStatusAndSetup" name="test_admin_setup_second_call_returns_400_arabic" time="0.119" /><testcase classname="backend.tests.backend_test.TestRegistrationApprovalFlow" name="test_register_duplicate_phone_400_arabic" time="0.380" /><testcase classname="backend.tests.backend_test.TestRegistrationApprovalFlow" name="test_pending_login_returns_403_arabic" time="0.107" /><testcase classname="backend.tests.backend_test.TestRegistrationApprovalFlow" name="test_approve_returns_temp_password_then_login_and_change" time="1.465" /><testcase classname="backend.tests.backend_test.TestRegistrationApprovalFlow" name="test_reset_password_issues_new_temp" time="0.793" /><testcase classname="backend.tests.backend_test.TestRegistrationApprovalFlow" name="test_notify_message_returns_whatsapp_text" time="0.233" /><testcase classname="backend.tests.backend_test.TestRealLocationsAndCleanState" name="test_five_real_makkah_locations_exist" time="0.100" /><testcase classname="backend.tests.backend_test.TestRealLocationsAndCleanState" name="test_no_demo_data_seeded" time="0.972" /><testcase classname="backend.tests.backend_test.TestEmployeeModel" name="test_create_employee_salary_dropped_and_group_stored" time="0.503" /><testcase classname="backend.tests.backend_test.TestLeavesConflict" name="test_conflict_rejected_arabic" time="1.805" /><testcase classname="backend.tests.backend_test.TestFuelNoLiters" name="test_fuel_create_without_liters" time="0.603" /><testcase classname="backend.tests.backend_test.TestSchedule" name="test_schedule_on_date_anchor" time="0.131" /><testcase classname="backend.tests.backend_test.TestSchedule" name="test_schedule_on_date_cd" time="0.118" /><testcase classname="backend.tests.backend_test.TestSchedule" name="test_schedule_on_date_cycle_wrap" time="0.123" /><testcase classname="backend.tests.backend_test.TestSchedule" name="test_schedule_week_returns_14_entries" time="0.115" /><testcase classname="backend.tests.backend_test.TestStats" name="test_fuel_alerts_returns_list" time="0.109" /><testcase classname="backend.tests.backend_test.TestStats" name="test_monthly_stats_6_arabic_months" time="0.347" /><testcase classname="backend.tests.backend_test.TestLocationDetails" name="test_location_details_returns_scoped_employees_and_vehicles" time="0.677" /><testcase classname="backend.tests.backend_test.TestViolationNotify" name="test_notify_info_returns_arabic_message_and_marks_notified" time="0.959" /><testcase classname="backend.tests.backend_test.TestAdminOnly" name="test_non_admin_post_forbidden_arabic[/employees]" time="1.090" /><testcase classname="backend.tests.backend_test.TestAdminOnly" name="test_non_admin_post_forbidden_arabic[/vehicles]" time="0.117" /><testcase classname="backend.tests.backend_test.TestAdminOnly" name="test_non_admin_post_forbidden_arabic[/violations]" time="0.110" /><testcase classname="backend.tests.backend_test.TestAdminOnly" name="test_non_admin_post_forbidden_arabic[/leaves]" time="0.141" /><testcase classname="backend.tests.backend_test.TestAdminOnly" name="test_non_admin_post_forbidden_arabic[/fuel_records]" time="0.104" /><testcase classname="backend.tests.backend_test.TestAdminOnly" name="test_non_admin_post_forbidden_arabic[/accidents]" time="0.109" /><testcase classname="backend.tests.backend_test.TestAdminOnly" name="test_non_admin_post_forbidden_arabic[/locations]" time="0.107" /><testcase classname="backend.tests.backend_test.TestAdminOnly" name="test_non_admin_cannot_list_users" time="0.254" /><testcase classname="backend.tests.backend_test.TestNoTokenGuards" name="test_no_token_401[/locations]" time="0.117" /><testcase classname="backend.tests.backend_test.TestNoTokenGuards" name="test_no_token_401[/employees]" time="0.119" /><testcase classname="backend.tests.backend_test.TestNoTokenGuards" name="test_no_token_401[/vehicles]" time="0.111" /><testcase classname="backend.tests.backend_test.TestNoTokenGuards" name="test_no_token_401[/violations]" time="0.102" /><testcase classname="backend.tests.backend_test.TestNoTokenGuards" name="test_no_token_401[/leaves]" time="0.110" /><testcase classname="backend.tests.backend_test.TestNoTokenGuards" name="test_no_token_401[/fuel_records]" time="0.172" /><testcase classname="backend.tests.backend_test.TestNoTokenGuards" name="test_no_token_401[/accidents]" time="0.098" /><testcase classname="backend.tests.backend_test.TestNoTokenGuards" name="test_no_token_401[/users]" time="0.119" /><testcase classname="backend.tests.backend_test.TestNoTokenGuards" name="test_no_token_401[/stats/dashboard]" time="0.115" /><testcase classname="backend.tests.backend_test.TestNoTokenGuards" name="test_no_token_401[/stats/fuel-alerts]" time="0.143" /><testcase classname="backend.tests.backend_test.TestNoTokenGuards" name="test_no_token_401[/stats/maintenance-monthly]" time="0.118" /><testcase classname="backend.tests.backend_test.TestNoTokenGuards" name="test_no_token_401[/schedule/on-date]" time="0.104" /><testcase classname="backend.tests.backend_test.TestNoTokenGuards" name="test_no_token_401[/schedule/week]" time="0.108" /></testsuite></testsuites>