<?xml version="1.0" encoding="utf-8"?><testsuites name="pytest tests"><testsuite name="pytest" errors="0" failures="0" skipped="0" tests="23" time="6.904" timestamp="2026-07-14T14:23:33.330573+00:00" hostname="agent-env-f022bb58-4fae-4146-8e39-e8eda89434d7"><testcase classname="tests.backend_test.TestAuth" name="test_register_new_user" time="0.631" /><testcase classname="tests.backend_test.TestAuth" name="test_login_success" time="0.527" /><testcase classname="tests.backend_test.TestAuth" name="test_login_wrong_password_returns_401_arabic" time="0.359" /><testcase classname="tests.backend_test.TestAuth" name="test_me_requires_auth" time="0.145" /><testcase classname="tests.backend_test.TestAuth" name="test_me_returns_user" time="0.196" /><testcase classname="tests.backend_test.TestProtected" name="test_endpoint_requires_auth[/locations]" time="0.142" /><testcase classname="tests.backend_test.TestProtected" name="test_endpoint_requires_auth[/employees]" time="0.134" /><testcase classname="tests.backend_test.TestProtected" name="test_endpoint_requires_auth[/vehicles]" time="0.176" /><testcase classname="tests.backend_test.TestProtected" name="test_endpoint_requires_auth[/maintenance]" time="0.138" /><testcase classname="tests.backend_test.TestProtected" name="test_endpoint_requires_auth[/violations]" time="0.237" /><testcase classname="tests.backend_test.TestProtected" name="test_endpoint_requires_auth[/leaves]" time="0.188" /><testcase classname="tests.backend_test.TestProtected" name="test_endpoint_requires_auth[/stats/dashboard]" time="0.134" /><testcase classname="tests.backend_test.TestProtected" name="test_endpoint_requires_auth[/stats/violations-monthly]" time="0.215" /><testcase classname="tests.backend_test.TestProtected" name="test_endpoint_requires_auth[/stats/violations-by-vehicle]" time="0.194" /><testcase classname="tests.backend_test.TestProtected" name="test_endpoint_requires_auth[/stats/maintenance-status]" time="0.140" /><testcase classname="tests.backend_test.TestSeed" name="test_seed_idempotent" time="0.314" /><testcase classname="tests.backend_test.TestSeed" name="test_seed_produced_expected_counts" time="0.911" /><testcase classname="tests.backend_test.TestLocationsCRUD" name="test_full_crud_cycle" time="1.051" /><testcase classname="tests.backend_test.TestVehiclesCRUD" name="test_create_and_delete" time="0.276" /><testcase classname="tests.backend_test.TestStats" name="test_dashboard_shape" time="0.141" /><testcase classname="tests.backend_test.TestStats" name="test_violations_monthly_returns_6_months" time="0.138" /><testcase classname="tests.backend_test.TestStats" name="test_violations_by_vehicle" time="0.135" /><testcase classname="tests.backend_test.TestStats" name="test_maintenance_status" time="0.172" /></testsuite></testsuites>